<?xml version="1.0" encoding="UTF-8"?>
<!-- Generated by org.testng.reporters.JUnitReportReporter -->
<testsuite hostname="LAPTOP-LENOVO" failures="0" tests="1" name="deliveroo.TestCase1_Home" time="11.890" errors="0" timestamp="2023-02-06T09:42:06 IST" skipped="0">
  <testcase classname="deliveroo.TestCase1_Home" name="startTest" time="11.890"/>
  <system-out/>
</testsuite> <!-- deliveroo.TestCase1_Home -->
